build/app/outputs/mapping/release/seeds.txt
com.example.productivity_launcher.MainActivity
com.example.productivity_launcher.MainActivity: MainActivity()
...
androidx.window.embedding.EmbeddingAdapter
androidx.lifecycle.LiveData$LifecycleBoundObserver
io.flutter.embedding.engine.plugins.lifecycle.HiddenLifecycleReference
androidx.window.layout.SidecarWindowBackend$WindowLayoutChangeCallbackWrapper
androidx.fragment.app.Fragment$2
androidx.window.core.Version$bigInteger$2
io.flutter.embedding.engine.mutatorsstack.FlutterMutatorsStack
androidx.window.layout.SidecarCompat$TranslatingCallback
androidx.window.embedding.EmbeddingInterfaceCompat
androidx.core.graphics.drawable.IconCompat
androidx.lifecycle.ReflectiveGenericLifecycleObserver
androidx.window.embedding.SplitRule$Api30Impl
androidx.window.layout.WindowInfoTrackerImpl$Companion
androidx.window.layout.FoldingFeature$OcclusionType$Companion
androidx.window.layout.SidecarCompat$DistinctSidecarElementCallback
androidx.window.core.Version$Companion
androidx.window.layout.SidecarWindowBackend$ExtensionListenerImpl
androidx.window.embedding.SplitRule$LayoutDir
androidx.window.layout.WindowMetrics
androidx.window.embedding.SplitPairFilter
androidx.window.layout.SidecarAdapter
androidx.window.layout.SidecarCompat
androidx.savedstate.SavedStateRegistry$1
androidx.window.layout.FoldingFeature
androidx.window.layout.ExtensionInterfaceCompat$ExtensionCallbackInterface
androidx.lifecycle.SingleGeneratedAdapterObserver
androidx.window.embedding.ExtensionEmbeddingBackend$Companion
androidx.window.layout.HardwareFoldingFeature$Type
androidx.window.layout.EmptyDecorator
io.flutter.view.FlutterCallbackInformation
androidx.savedstate.Recreator
io.flutter.view.AccessibilityViewEmbedder
androidx.window.layout.WindowMetricsCalculatorDecorator
kotlin.coroutines.jvm.internal.BaseContinuationImpl
kotlin.internal.jdk7.JDK7PlatformImplementations
androidx.activity.OnBackPressedDispatcher$LifecycleOnBackPressedCancellable
android.support.v4.app.RemoteActionCompatParcelizer
androidx.window.embedding.ExtensionEmbeddingBackend$EmbeddingCallbackImpl
kotlin.internal.jdk8.JDK8PlatformImplementations
androidx.window.embedding.EmptyEmbeddingComponent
androidx.window.embedding.EmbeddingTranslatingCallback
androidx.window.layout.SidecarWindowBackend$Companion
androidx.window.layout.HardwareFoldingFeature$Type$Companion
androidx.core.graphics.drawable.IconCompatParcelizer
androidx.window.layout.FoldingFeature$Orientation$Companion
androidx.window.layout.WindowMetricsCalculatorCompat
androidx.activity.ImmLeaksCleaner
kotlinx.coroutines.android.AndroidExceptionPreHandler
androidx.window.layout.ExtensionWindowLayoutInfoBackend$MulticastConsumer
androidx.window.layout.SidecarCompat$Companion
io.flutter.plugin.editing.ImeSyncDeferringInsetsCallback
androidx.window.core.Bounds
androidx.activity.ComponentActivity$2
androidx.window.layout.HardwareFoldingFeature
androidx.window.layout.DisplayCompatHelperApi28
io.flutter.embedding.engine.FlutterJNI
androidx.window.layout.WindowLayoutInfo
androidx.window.R$attr
androidx.window.embedding.SplitPairRule
androidx.window.layout.ActivityCompatHelperApi24
androidx.window.layout.FoldingFeature$Orientation
androidx.window.layout.DisplayCompatHelperApi17
io.flutter.plugins.GeneratedPluginRegistrant
androidx.window.embedding.ActivityStack
androidx.window.embedding.ActivityFilter
io.flutter.plugin.editing.ImeSyncDeferringInsetsCallback$AnimationCallback
androidx.window.embedding.ExtensionEmbeddingBackend
androidx.window.embedding.ActivityRule
androidx.window.embedding.ExtensionEmbeddingBackend$SplitListenerWrapper
kotlinx.coroutines.internal.MainDispatcherFactory
androidx.window.embedding.SplitPlaceholderRule
androidx.window.java.R
androidx.lifecycle.FullLifecycleObserverAdapter
androidx.window.embedding.SplitController
androidx.window.layout.WindowInfoTrackerImpl
androidx.window.R$id
androidx.activity.ComponentActivity$3
io.flutter.embedding.android.FlutterSplashView$SavedState
androidx.window.core.Version
androidx.window.layout.SidecarCompat$registerConfigurationChangeListener$configChangeObserver$1