build/app/outputs/mapping/release/mapping.txt
# compiler: R8
# compiler_version: 3.1.66
# min_api: 19
# pg_map_id: ccf8684
# common_typos_disable
# {"id":"com.android.tools.r8.mapping","version":"1.0"}
...
io.flutter.plugin.editing.ListenableEditingState$1 -> io.flutter.plugin.editing.c$a:
    android.text.Editable val$self -> a
    io.flutter.plugin.editing.ListenableEditingState this$0 -> b
io.flutter.plugin.editing.ListenableEditingState$EditingStateWatcher -> io.flutter.plugin.editing.c$b:
    void didChangeEditingState(boolean,boolean,boolean) -> a
io.flutter.plugin.editing.TextEditingDelta -> io.flutter.plugin.editing.d:
    java.lang.CharSequence oldText -> a
    java.lang.CharSequence deltaText -> b
    int newComposingEnd -> h
    int newSelectionEnd -> f
    int newComposingStart -> g
    int deltaEnd -> d
    int newSelectionStart -> e
    int deltaStart -> c
    void setDeltas(java.lang.CharSequence,java.lang.CharSequence,int,int) -> a
    org.json.JSONObject toJSON() -> b
io.flutter.plugin.editing.TextInputPlugin -> io.flutter.plugin.editing.e:
    android.view.autofill.AutofillManager afm -> c
    io.flutter.plugin.editing.TextInputPlugin$InputTarget inputTarget -> e
    boolean mRestartInputPending -> i
    io.flutter.plugin.platform.PlatformViewsController platformViewsController -> k
    io.flutter.embedding.engine.systemchannels.TextInputChannel$Configuration configuration -> f
    android.view.inputmethod.InputConnection lastInputConnection -> j
    android.view.inputmethod.InputMethodManager mImm -> b
    io.flutter.embedding.engine.systemchannels.TextInputChannel textInputChannel -> d
    android.graphics.Rect lastClientRect -> l
    android.view.View mView -> a
    android.util.SparseArray mAutofillConfigurations -> g
    io.flutter.plugin.editing.ListenableEditingState mEditable -> h
    io.flutter.embedding.engine.systemchannels.TextInputChannel$TextEditState mLastKnownFrameworkTextEditingState -> n
    io.flutter.plugin.editing.ImeSyncDeferringInsetsCallback imeSyncCallback -> m
    void sendTextInputAppPrivateCommand(java.lang.String,android.os.Bundle) -> A
    void setPlatformViewTextInputClient(int) -> B
    void setTextInputClient(int,io.flutter.embedding.engine.systemchannels.TextInputChannel$Configuration) -> C
    void setTextInputEditingState(android.view.View,io.flutter.embedding.engine.systemchannels.TextInputChannel$TextEditState) -> D
    void showTextInput(android.view.View) -> E
io.flutter.plugin.editing.TextInputPlugin$1 -> io.flutter.plugin.editing.e$a:
    io.flutter.plugin.editing.TextInputPlugin this$0 -> a
    void sendAppPrivateCommand(java.lang.String,android.os.Bundle) -> a
    void setClient(int,io.flutter.embedding.engine.systemchannels.TextInputChannel$Configuration) -> b
    void requestAutofill() -> c
    void clearClient() -> d
    void show() -> e
    void setPlatformViewClient(int) -> f
    void setEditingState(io.flutter.embedding.engine.systemchannels.TextInputChannel$TextEditState) -> g
    void setEditableSizeAndTransform(double,double,double[]) -> h
    void finishAutofillContext(boolean) -> i
    void hide() -> j
io.flutter.plugin.editing.TextInputPlugin$2 -> io.flutter.plugin.editing.e$b:
    double[] val$matrix -> b
    double[] val$minMax -> c
    boolean val$isAffine -> a
    io.flutter.plugin.editing.TextInputPlugin this$0 -> d
    void inspect(double,double) -> a
io.flutter.plugin.editing.TextInputPlugin$InputTarget -> io.flutter.plugin.editing.e$c:
    io.flutter.plugin.editing.TextInputPlugin$InputTarget$Type type -> a
    int id -> b
io.flutter.plugin.editing.TextInputPlugin$InputTarget$Type -> io.flutter.plugin.editing.e$c$a:
    io.flutter.plugin.editing.TextInputPlugin$InputTarget$Type FRAMEWORK_CLIENT -> e
    io.flutter.plugin.editing.TextInputPlugin$InputTarget$Type PLATFORM_VIEW -> f
    io.flutter.plugin.editing.TextInputPlugin$InputTarget$Type NO_TARGET -> d
    io.flutter.plugin.editing.TextInputPlugin$InputTarget$Type[] $VALUES -> g
io.flutter.plugin.editing.TextInputPlugin$MinMax -> io.flutter.plugin.editing.e$d:
    void inspect(double,double) -> a