build/app/outputs/mapping/release/usage.txt
com.example.productivity_launcher.BuildConfig
com.example.productivity_launcher.R$attr
com.example.productivity_launcher.R$color
com.example.productivity_launcher.R$dimen
com.example.productivity_launcher.R$drawable
com.example.productivity_launcher.R$id
com.example.productivity_launcher.R$integer
com.example.productivity_launcher.R$layout
com.example.productivity_launcher.R$mipmap
com.example.productivity_launcher.R$string
com.example.productivity_launcher.R$style
com.example.productivity_launcher.R$styleable
com.example.productivity_launcher.R
...
kotlinx.coroutines.internal.LockFreeLinkedListNode$AbstractAtomicDesc:
    public void <init>()
    public final void complete(kotlinx.coroutines.internal.AtomicOp,java.lang.Object)
    protected java.lang.Object failure(kotlinx.coroutines.internal.LockFreeLinkedListNode)
    protected abstract void finishOnSuccess(kotlinx.coroutines.internal.LockFreeLinkedListNode,kotlinx.coroutines.internal.LockFreeLinkedListNode)
    public abstract void finishPrepare(kotlinx.coroutines.internal.LockFreeLinkedListNode$PrepareOp)
    protected abstract kotlinx.coroutines.internal.LockFreeLinkedListNode getAffectedNode()
    protected abstract kotlinx.coroutines.internal.LockFreeLinkedListNode getOriginalNext()
    public java.lang.Object onPrepare(kotlinx.coroutines.internal.LockFreeLinkedListNode$PrepareOp)
    public void onRemoved(kotlinx.coroutines.internal.LockFreeLinkedListNode)
    public final java.lang.Object prepare(kotlinx.coroutines.internal.AtomicOp)
    protected boolean retry(kotlinx.coroutines.internal.LockFreeLinkedListNode,java.lang.Object)
    protected kotlinx.coroutines.internal.LockFreeLinkedListNode takeAffectedNode(kotlinx.coroutines.internal.OpDescriptor)
    public abstract java.lang.Object updatedNext(kotlinx.coroutines.internal.LockFreeLinkedListNode,kotlinx.coroutines.internal.LockFreeLinkedListNode)
kotlinx.coroutines.internal.LockFreeLinkedListNode$AddLastDesc
kotlinx.coroutines.internal.LockFreeLinkedListNode$PrepareOp:
    public final kotlinx.coroutines.internal.LockFreeLinkedListNode affected
    public final kotlinx.coroutines.internal.LockFreeLinkedListNode next
    public void <init>(kotlinx.coroutines.internal.LockFreeLinkedListNode,kotlinx.coroutines.internal.LockFreeLinkedListNode,kotlinx.coroutines.internal.LockFreeLinkedListNode$AbstractAtomicDesc)
    public kotlinx.coroutines.internal.AtomicOp getAtomicOp()
    public java.lang.Object perform(java.lang.Object)
    public java.lang.String toString()
kotlinx.coroutines.internal.LockFreeLinkedListNode$RemoveFirstDesc
kotlinx.coroutines.internal.LockFreeLinkedListNode$makeCondAddOp$1
kotlinx.coroutines.internal.LockFreeLinkedListNode:
    public static final synthetic kotlinx.coroutines.internal.LockFreeLinkedListNode access$correctPrev(kotlinx.coroutines.internal.LockFreeLinkedListNode,kotlinx.coroutines.internal.OpDescriptor)
    public static final synthetic kotlinx.coroutines.internal.Removed access$removed(kotlinx.coroutines.internal.LockFreeLinkedListNode)
    public final void addLast(kotlinx.coroutines.internal.LockFreeLinkedListNode)
    public final boolean addLastIf(kotlinx.coroutines.internal.LockFreeLinkedListNode,kotlin.jvm.functions.Function0)
    public final boolean addLastIfPrev(kotlinx.coroutines.internal.LockFreeLinkedListNode,kotlin.jvm.functions.Function1)
    public final boolean addLastIfPrevAndIf(kotlinx.coroutines.internal.LockFreeLinkedListNode,kotlin.jvm.functions.Function1,kotlin.jvm.functions.Function0)
    public final kotlinx.coroutines.internal.LockFreeLinkedListNode$AddLastDesc describeAddLast(kotlinx.coroutines.internal.LockFreeLinkedListNode)
    public final kotlinx.coroutines.internal.LockFreeLinkedListNode$RemoveFirstDesc describeRemoveFirst()
    public final kotlinx.coroutines.internal.LockFreeLinkedListNode$CondAddOp makeCondAddOp(kotlinx.coroutines.internal.LockFreeLinkedListNode,kotlin.jvm.functions.Function0)
    protected kotlinx.coroutines.internal.LockFreeLinkedListNode nextIfRemoved()
    public final synthetic java.lang.Object removeFirstIfIsInstanceOfOrPeekIf(kotlin.jvm.functions.Function1)
kotlinx.coroutines.internal.LockFreeLinkedList_commonKt
kotlinx.coroutines.internal.LockFreeTaskQueue:
    public final boolean isClosed()
    public final boolean isEmpty()
    public final java.util.List map(kotlin.jvm.functions.Function1)
kotlinx.coroutines.internal.LockFreeTaskQueueCore$Companion:
    public final java.lang.Object withState(long,kotlin.jvm.functions.Function2)